<?xml version="1.0" encoding="UTF-8"?>
<!-- Generated by org.testng.reporters.JUnitXMLReporter -->
<testsuite ignored="0" hostname="Bpract" failures="0" tests="2" name="BTCTest" time="52.778" errors="0" timestamp="2023-09-26T09:49:41 IST">
  <testcase classname="com.bpract.btc.testscripts.BTCSubAdminTest" name="verifyValidSubAdminRegister" time="18.114"/>
  <testcase classname="com.bpract.btc.testscripts.BTCSubAdminTest" name="verifyValidSubAdminRegister" time="14.297"/>
</testsuite> <!-- BTCTest -->
