<?xml version="1.0" encoding="UTF-8"?>
<!-- Generated by org.testng.reporters.JUnitXMLReporter -->
<testsuite hostname="DESKTOP-LP332FI" ignored="0" name="Test" tests="3" failures="0" timestamp="2023-06-15T10:05:19 IST" time="26.182" errors="0">
  <testcase name="verifyLoginWithValidData" time="2.059" classname="com.bpract.btc.testscripts.BTCLoginTest"/>
  <testcase name="verifyUserLoginWithBlankEmailPassword" time="0.29" classname="com.bpract.btc.testscripts.BTCLoginTest"/>
  <testcase name="verifyUserLoginWithInvalidData" time="1.335" classname="com.bpract.btc.testscripts.BTCLoginTest"/>
</testsuite> <!-- Test -->
