<?xml version="1.0" encoding="UTF-8"?>
<testng-results skipped="0" failed="0" ignored="0" total="0" passed="0">
  <reporter-output>
  </reporter-output>
  <suite name="com.bpract.btc.testscripts.BTCLoginTest" duration-ms="7" started-at="2023-06-14T10:31:14 IST" finished-at="2023-06-14T10:31:14 IST">
    <groups>
    </groups>
    <test name="Command line test" duration-ms="7" started-at="2023-06-14T10:31:14 IST" finished-at="2023-06-14T10:31:14 IST">
    </test> <!-- Command line test -->
  </suite> <!-- com.bpract.btc.testscripts.BTCLoginTest -->
</testng-results>
